{"C:\\users\\slaye\\desktop\\craftdesigndisplay\\Tests\\routes\\PostApiTests.js":{"path":"C:\\users\\slaye\\desktop\\craftdesigndisplay\\Tests\\routes\\PostApiTests.js","s":{"1":1,"2":1,"3":1,"4":1,"5":1,"6":1,"7":1,"8":1,"9":1,"10":1,"11":1,"12":1,"13":0,"14":1,"15":0,"16":1,"17":0,"18":0,"19":0,"20":0,"21":0,"22":0,"23":0,"24":0,"25":0,"26":0,"27":0,"28":0,"29":0,"30":0,"31":0,"32":0,"33":0,"34":0,"35":0,"36":0,"37":0,"38":0,"39":0,"40":0,"41":0,"42":0,"43":0,"44":0,"45":0,"46":0,"47":0,"48":0,"49":0,"50":0,"51":0,"52":0,"53":0,"54":0,"55":0,"56":0,"57":0,"58":0,"59":0,"60":0,"61":0,"62":0,"63":0},"b":{},"f":{"1":0,"2":0,"3":0,"4":0,"5":0,"6":0,"7":0,"8":0,"9":0,"10":0,"11":0,"12":0,"13":0,"14":0,"15":0,"16":0,"17":0,"18":0,"19":0,"20":0,"21":0,"22":0},"fnMap":{"1":{"name":"(anonymous_1)","line":18,"loc":{"start":{"line":18,"column":15},"end":{"line":18,"column":30}}},"2":{"name":"(anonymous_2)","line":22,"loc":{"start":{"line":22,"column":16},"end":{"line":22,"column":28}}},"3":{"name":"(anonymous_3)","line":26,"loc":{"start":{"line":26,"column":18},"end":{"line":26,"column":30}}},"4":{"name":"(anonymous_4)","line":27,"loc":{"start":{"line":27,"column":14},"end":{"line":27,"column":26}}},"5":{"name":"(anonymous_5)","line":60,"loc":{"start":{"line":60,"column":26},"end":{"line":60,"column":38}}},"6":{"name":"(anonymous_6)","line":61,"loc":{"start":{"line":61,"column":64},"end":{"line":61,"column":80}}},"7":{"name":"(anonymous_7)","line":65,"loc":{"start":{"line":65,"column":20},"end":{"line":65,"column":40}}},"8":{"name":"(anonymous_8)","line":74,"loc":{"start":{"line":74,"column":43},"end":{"line":74,"column":55}}},"9":{"name":"(anonymous_9)","line":75,"loc":{"start":{"line":75,"column":55},"end":{"line":75,"column":71}}},"10":{"name":"(anonymous_10)","line":78,"loc":{"start":{"line":78,"column":20},"end":{"line":78,"column":40}}},"11":{"name":"(anonymous_11)","line":86,"loc":{"start":{"line":86,"column":53},"end":{"line":86,"column":69}}},"12":{"name":"(anonymous_12)","line":89,"loc":{"start":{"line":89,"column":20},"end":{"line":89,"column":39}}},"13":{"name":"(anonymous_13)","line":97,"loc":{"start":{"line":97,"column":47},"end":{"line":97,"column":58}}},"14":{"name":"(anonymous_14)","line":98,"loc":{"start":{"line":98,"column":75},"end":{"line":98,"column":90}}},"15":{"name":"(anonymous_15)","line":101,"loc":{"start":{"line":101,"column":19},"end":{"line":101,"column":38}}},"16":{"name":"(anonymous_16)","line":111,"loc":{"start":{"line":111,"column":66},"end":{"line":111,"column":81}}},"17":{"name":"(anonymous_17)","line":114,"loc":{"start":{"line":114,"column":19},"end":{"line":114,"column":39}}},"18":{"name":"(anonymous_18)","line":122,"loc":{"start":{"line":122,"column":55},"end":{"line":122,"column":66}}},"19":{"name":"(anonymous_19)","line":123,"loc":{"start":{"line":123,"column":69},"end":{"line":123,"column":84}}},"20":{"name":"(anonymous_20)","line":126,"loc":{"start":{"line":126,"column":21},"end":{"line":126,"column":40}}},"21":{"name":"(anonymous_21)","line":135,"loc":{"start":{"line":135,"column":82},"end":{"line":135,"column":97}}},"22":{"name":"(anonymous_22)","line":138,"loc":{"start":{"line":138,"column":21},"end":{"line":138,"column":40}}}},"statementMap":{"1":{"start":{"line":1,"column":0},"end":{"line":1,"column":51}},"2":{"start":{"line":3,"column":0},"end":{"line":3,"column":27}},"3":{"start":{"line":4,"column":0},"end":{"line":4,"column":36}},"4":{"start":{"line":5,"column":0},"end":{"line":5,"column":38}},"5":{"start":{"line":6,"column":0},"end":{"line":6,"column":25}},"6":{"start":{"line":7,"column":0},"end":{"line":7,"column":35}},"7":{"start":{"line":8,"column":0},"end":{"line":8,"column":30}},"8":{"start":{"line":11,"column":0},"end":{"line":11,"column":19}},"9":{"start":{"line":12,"column":0},"end":{"line":12,"column":33}},"10":{"start":{"line":14,"column":0},"end":{"line":14,"column":60}},"11":{"start":{"line":16,"column":0},"end":{"line":16,"column":29}},"12":{"start":{"line":18,"column":0},"end":{"line":20,"column":3}},"13":{"start":{"line":19,"column":4},"end":{"line":19,"column":40}},"14":{"start":{"line":22,"column":0},"end":{"line":24,"column":3}},"15":{"start":{"line":23,"column":4},"end":{"line":23,"column":41}},"16":{"start":{"line":26,"column":0},"end":{"line":144,"column":3}},"17":{"start":{"line":27,"column":3},"end":{"line":58,"column":6}},"18":{"start":{"line":28,"column":8},"end":{"line":28,"column":24}},"19":{"start":{"line":30,"column":8},"end":{"line":40,"column":10}},"20":{"start":{"line":41,"column":7},"end":{"line":51,"column":9}},"21":{"start":{"line":53,"column":8},"end":{"line":54,"column":38}},"22":{"start":{"line":55,"column":8},"end":{"line":56,"column":39}},"23":{"start":{"line":60,"column":3},"end":{"line":72,"column":6}},"24":{"start":{"line":61,"column":7},"end":{"line":71,"column":10}},"25":{"start":{"line":63,"column":11},"end":{"line":69,"column":18}},"26":{"start":{"line":66,"column":18},"end":{"line":66,"column":52}},"27":{"start":{"line":67,"column":18},"end":{"line":67,"column":54}},"28":{"start":{"line":68,"column":18},"end":{"line":68,"column":25}},"29":{"start":{"line":74,"column":3},"end":{"line":95,"column":6}},"30":{"start":{"line":75,"column":7},"end":{"line":84,"column":10}},"31":{"start":{"line":76,"column":11},"end":{"line":83,"column":18}},"32":{"start":{"line":79,"column":19},"end":{"line":79,"column":54}},"33":{"start":{"line":80,"column":19},"end":{"line":80,"column":63}},"34":{"start":{"line":81,"column":19},"end":{"line":81,"column":66}},"35":{"start":{"line":82,"column":19},"end":{"line":82,"column":26}},"36":{"start":{"line":86,"column":7},"end":{"line":93,"column":10}},"37":{"start":{"line":87,"column":11},"end":{"line":92,"column":18}},"38":{"start":{"line":90,"column":19},"end":{"line":90,"column":92}},"39":{"start":{"line":91,"column":19},"end":{"line":91,"column":26}},"40":{"start":{"line":97,"column":3},"end":{"line":120,"column":6}},"41":{"start":{"line":98,"column":6},"end":{"line":109,"column":9}},"42":{"start":{"line":99,"column":10},"end":{"line":108,"column":17}},"43":{"start":{"line":102,"column":17},"end":{"line":102,"column":51}},"44":{"start":{"line":103,"column":17},"end":{"line":103,"column":53}},"45":{"start":{"line":104,"column":17},"end":{"line":104,"column":84}},"46":{"start":{"line":105,"column":17},"end":{"line":106,"column":94}},"47":{"start":{"line":107,"column":17},"end":{"line":107,"column":24}},"48":{"start":{"line":111,"column":6},"end":{"line":118,"column":9}},"49":{"start":{"line":112,"column":10},"end":{"line":117,"column":17}},"50":{"start":{"line":115,"column":18},"end":{"line":115,"column":107}},"51":{"start":{"line":116,"column":18},"end":{"line":116,"column":25}},"52":{"start":{"line":122,"column":4},"end":{"line":143,"column":7}},"53":{"start":{"line":123,"column":8},"end":{"line":133,"column":11}},"54":{"start":{"line":124,"column":12},"end":{"line":132,"column":19}},"55":{"start":{"line":127,"column":20},"end":{"line":127,"column":54}},"56":{"start":{"line":128,"column":20},"end":{"line":128,"column":56}},"57":{"start":{"line":129,"column":20},"end":{"line":129,"column":87}},"58":{"start":{"line":130,"column":20},"end":{"line":130,"column":78}},"59":{"start":{"line":131,"column":20},"end":{"line":131,"column":27}},"60":{"start":{"line":135,"column":8},"end":{"line":142,"column":11}},"61":{"start":{"line":136,"column":12},"end":{"line":141,"column":19}},"62":{"start":{"line":139,"column":20},"end":{"line":139,"column":116}},"63":{"start":{"line":140,"column":20},"end":{"line":140,"column":27}}},"branchMap":{}},"C:\\users\\slaye\\desktop\\craftdesigndisplay\\Models\\TemporaryPosts.js":{"path":"C:\\users\\slaye\\desktop\\craftdesigndisplay\\Models\\TemporaryPosts.js","s":{"1":1,"2":1},"b":{},"f":{},"fnMap":{},"statementMap":{"1":{"start":{"line":1,"column":0},"end":{"line":97,"column":2}},"2":{"start":{"line":99,"column":0},"end":{"line":99,"column":23}}},"branchMap":{}},"C:\\users\\slaye\\desktop\\craftdesigndisplay\\app.js":{"path":"C:\\users\\slaye\\desktop\\craftdesigndisplay\\app.js","s":{"1":1,"2":1,"3":1,"4":1,"5":1,"6":1,"7":1,"8":1,"9":1,"10":1,"11":1,"12":1,"13":1,"14":1,"15":1,"16":1,"17":1,"18":1,"19":1,"20":1,"21":1,"22":1,"23":1,"24":1,"25":1,"26":1,"27":1,"28":1,"29":1,"30":1,"31":1,"32":1,"33":1,"34":1,"35":1,"36":1,"37":1,"38":1,"39":0,"40":0,"41":0,"42":1,"43":0,"44":0,"45":0,"46":0,"47":1,"48":0,"49":0,"50":1},"b":{"1":[1,0],"2":[0,0],"3":[0,0]},"f":{"1":0,"2":0,"3":0,"4":0},"fnMap":{"1":{"name":"(anonymous_1)","line":74,"loc":{"start":{"line":74,"column":8},"end":{"line":74,"column":33}}},"2":{"name":"(anonymous_2)","line":81,"loc":{"start":{"line":81,"column":8},"end":{"line":81,"column":38}}},"3":{"name":"onLoadFunction","line":92,"loc":{"start":{"line":92,"column":0},"end":{"line":92,"column":26}}},"4":{"name":"(anonymous_4)","line":94,"loc":{"start":{"line":94,"column":32},"end":{"line":94,"column":44}}}},"statementMap":{"1":{"start":{"line":1,"column":0},"end":{"line":1,"column":33}},"2":{"start":{"line":2,"column":0},"end":{"line":2,"column":27}},"3":{"start":{"line":3,"column":0},"end":{"line":3,"column":31}},"4":{"start":{"line":4,"column":0},"end":{"line":4,"column":44}},"5":{"start":{"line":5,"column":0},"end":{"line":5,"column":40}},"6":{"start":{"line":9,"column":0},"end":{"line":9,"column":39}},"7":{"start":{"line":10,"column":0},"end":{"line":10,"column":36}},"8":{"start":{"line":11,"column":0},"end":{"line":11,"column":38}},"9":{"start":{"line":13,"column":0},"end":{"line":13,"column":20}},"10":{"start":{"line":16,"column":0},"end":{"line":16,"column":48}},"11":{"start":{"line":17,"column":0},"end":{"line":17,"column":30}},"12":{"start":{"line":22,"column":0},"end":{"line":22,"column":27}},"13":{"start":{"line":23,"column":0},"end":{"line":23,"column":52}},"14":{"start":{"line":24,"column":0},"end":{"line":24,"column":24}},"15":{"start":{"line":27,"column":0},"end":{"line":27,"column":46}},"16":{"start":{"line":29,"column":0},"end":{"line":29,"column":21}},"17":{"start":{"line":30,"column":0},"end":{"line":30,"column":23}},"18":{"start":{"line":31,"column":0},"end":{"line":31,"column":25}},"19":{"start":{"line":36,"column":0},"end":{"line":36,"column":32}},"20":{"start":{"line":37,"column":0},"end":{"line":37,"column":36}},"21":{"start":{"line":38,"column":0},"end":{"line":38,"column":42}},"22":{"start":{"line":39,"column":0},"end":{"line":39,"column":35}},"23":{"start":{"line":40,"column":0},"end":{"line":40,"column":58}},"24":{"start":{"line":41,"column":0},"end":{"line":41,"column":47}},"25":{"start":{"line":46,"column":0},"end":{"line":46,"column":38}},"26":{"start":{"line":47,"column":0},"end":{"line":47,"column":37}},"27":{"start":{"line":48,"column":0},"end":{"line":48,"column":44}},"28":{"start":{"line":49,"column":0},"end":{"line":49,"column":55}},"29":{"start":{"line":50,"column":0},"end":{"line":50,"column":65}},"30":{"start":{"line":51,"column":0},"end":{"line":51,"column":76}},"31":{"start":{"line":52,"column":0},"end":{"line":52,"column":71}},"32":{"start":{"line":53,"column":0},"end":{"line":53,"column":38}},"33":{"start":{"line":54,"column":0},"end":{"line":54,"column":45}},"34":{"start":{"line":55,"column":0},"end":{"line":55,"column":48}},"35":{"start":{"line":57,"column":0},"end":{"line":57,"column":44}},"36":{"start":{"line":69,"column":0},"end":{"line":71,"column":1}},"37":{"start":{"line":70,"column":1},"end":{"line":70,"column":24}},"38":{"start":{"line":74,"column":0},"end":{"line":78,"column":3}},"39":{"start":{"line":75,"column":1},"end":{"line":75,"column":34}},"40":{"start":{"line":76,"column":1},"end":{"line":76,"column":18}},"41":{"start":{"line":77,"column":1},"end":{"line":77,"column":11}},"42":{"start":{"line":81,"column":0},"end":{"line":89,"column":3}},"43":{"start":{"line":83,"column":1},"end":{"line":83,"column":34}},"44":{"start":{"line":84,"column":1},"end":{"line":84,"column":68}},"45":{"start":{"line":87,"column":1},"end":{"line":87,"column":31}},"46":{"start":{"line":88,"column":1},"end":{"line":88,"column":21}},"47":{"start":{"line":92,"column":0},"end":{"line":97,"column":1}},"48":{"start":{"line":93,"column":1},"end":{"line":93,"column":66}},"49":{"start":{"line":94,"column":1},"end":{"line":96,"column":4}},"50":{"start":{"line":99,"column":0},"end":{"line":99,"column":21}}},"branchMap":{"1":{"line":69,"type":"if","locations":[{"start":{"line":69,"column":0},"end":{"line":69,"column":0}},{"start":{"line":69,"column":0},"end":{"line":69,"column":0}}]},"2":{"line":84,"type":"cond-expr","locations":[{"start":{"line":84,"column":59},"end":{"line":84,"column":62}},{"start":{"line":84,"column":65},"end":{"line":84,"column":67}}]},"3":{"line":87,"type":"binary-expr","locations":[{"start":{"line":87,"column":12},"end":{"line":87,"column":22}},{"start":{"line":87,"column":26},"end":{"line":87,"column":29}}]}}},"C:\\users\\slaye\\desktop\\craftdesigndisplay\\routes\\index.js":{"path":"C:\\users\\slaye\\desktop\\craftdesigndisplay\\routes\\index.js","s":{"1":1,"2":1,"3":1,"4":0,"5":1},"b":{},"f":{"1":0},"fnMap":{"1":{"name":"(anonymous_1)","line":5,"loc":{"start":{"line":5,"column":16},"end":{"line":5,"column":41}}}},"statementMap":{"1":{"start":{"line":1,"column":0},"end":{"line":1,"column":33}},"2":{"start":{"line":2,"column":0},"end":{"line":2,"column":30}},"3":{"start":{"line":5,"column":0},"end":{"line":7,"column":3}},"4":{"start":{"line":6,"column":2},"end":{"line":6,"column":44}},"5":{"start":{"line":9,"column":0},"end":{"line":9,"column":24}}},"branchMap":{}},"C:\\users\\slaye\\desktop\\craftdesigndisplay\\routes\\User.js":{"path":"C:\\users\\slaye\\desktop\\craftdesigndisplay\\routes\\User.js","s":{"1":1,"2":1,"3":1,"4":1,"5":1,"6":0,"7":0,"8":0,"9":1,"10":0,"11":0,"12":0,"13":0,"14":0,"15":1,"16":0,"17":0,"18":0,"19":0,"20":1,"21":0,"22":0,"23":0,"24":0,"25":1,"26":0,"27":0,"28":0,"29":0,"30":1,"31":0,"32":0,"33":0,"34":0,"35":0,"36":0,"37":0,"38":0,"39":0,"40":0,"41":1,"42":0,"43":0,"44":0,"45":0,"46":0,"47":1,"48":0,"49":0,"50":0,"51":0,"52":1,"53":0,"54":0,"55":0,"56":0,"57":0,"58":0,"59":0,"60":0,"61":1},"b":{"1":[0,0],"2":[0,0],"3":[0,0,0],"4":[0,0],"5":[0,0],"6":[0,0],"7":[0,0],"8":[0,0],"9":[0,0],"10":[0,0],"11":[0,0],"12":[0,0],"13":[0,0]},"f":{"1":0,"2":0,"3":0,"4":0,"5":0,"6":0,"7":0,"8":0,"9":0,"10":0,"11":0,"12":0,"13":0,"14":0,"15":0,"16":0},"fnMap":{"1":{"name":"getByValue","line":9,"loc":{"start":{"line":9,"column":0},"end":{"line":9,"column":28}}},"2":{"name":"(anonymous_2)","line":10,"loc":{"start":{"line":10,"column":28},"end":{"line":10,"column":39}}},"3":{"name":"validateAddUserRequest","line":15,"loc":{"start":{"line":15,"column":0},"end":{"line":15,"column":37}}},"4":{"name":"(anonymous_4)","line":28,"loc":{"start":{"line":28,"column":17},"end":{"line":28,"column":37}}},"5":{"name":"(anonymous_5)","line":30,"loc":{"start":{"line":30,"column":14},"end":{"line":30,"column":36}}},"6":{"name":"(anonymous_6)","line":40,"loc":{"start":{"line":40,"column":17},"end":{"line":40,"column":37}}},"7":{"name":"(anonymous_7)","line":42,"loc":{"start":{"line":42,"column":38},"end":{"line":42,"column":59}}},"8":{"name":"(anonymous_8)","line":53,"loc":{"start":{"line":53,"column":24},"end":{"line":53,"column":44}}},"9":{"name":"(anonymous_9)","line":55,"loc":{"start":{"line":55,"column":49},"end":{"line":55,"column":70}}},"10":{"name":"(anonymous_10)","line":65,"loc":{"start":{"line":65,"column":17},"end":{"line":65,"column":37}}},"11":{"name":"(anonymous_11)","line":74,"loc":{"start":{"line":74,"column":14},"end":{"line":74,"column":29}}},"12":{"name":"(anonymous_12)","line":85,"loc":{"start":{"line":85,"column":26},"end":{"line":85,"column":46}}},"13":{"name":"(anonymous_13)","line":99,"loc":{"start":{"line":99,"column":20},"end":{"line":99,"column":38}}},"14":{"name":"(anonymous_14)","line":101,"loc":{"start":{"line":101,"column":42},"end":{"line":101,"column":57}}},"15":{"name":"(anonymous_15)","line":110,"loc":{"start":{"line":110,"column":26},"end":{"line":110,"column":46}}},"16":{"name":"(anonymous_16)","line":114,"loc":{"start":{"line":114,"column":46},"end":{"line":114,"column":67}}}},"statementMap":{"1":{"start":{"line":1,"column":0},"end":{"line":1,"column":48}},"2":{"start":{"line":2,"column":0},"end":{"line":2,"column":33}},"3":{"start":{"line":3,"column":0},"end":{"line":3,"column":30}},"4":{"start":{"line":4,"column":0},"end":{"line":4,"column":37}},"5":{"start":{"line":9,"column":0},"end":{"line":13,"column":1}},"6":{"start":{"line":10,"column":4},"end":{"line":10,"column":60}},"7":{"start":{"line":10,"column":40},"end":{"line":10,"column":58}},"8":{"start":{"line":12,"column":4},"end":{"line":12,"column":37}},"9":{"start":{"line":15,"column":0},"end":{"line":24,"column":1}},"10":{"start":{"line":16,"column":4},"end":{"line":16,"column":13}},"11":{"start":{"line":18,"column":4},"end":{"line":21,"column":20}},"12":{"start":{"line":19,"column":8},"end":{"line":19,"column":21}},"13":{"start":{"line":21,"column":8},"end":{"line":21,"column":20}},"14":{"start":{"line":23,"column":4},"end":{"line":23,"column":16}},"15":{"start":{"line":28,"column":0},"end":{"line":38,"column":2}},"16":{"start":{"line":30,"column":4},"end":{"line":36,"column":7}},"17":{"start":{"line":31,"column":8},"end":{"line":34,"column":28}},"18":{"start":{"line":32,"column":12},"end":{"line":32,"column":26}},"19":{"start":{"line":34,"column":12},"end":{"line":34,"column":28}},"20":{"start":{"line":40,"column":0},"end":{"line":51,"column":2}},"21":{"start":{"line":42,"column":4},"end":{"line":49,"column":7}},"22":{"start":{"line":44,"column":8},"end":{"line":47,"column":27}},"23":{"start":{"line":45,"column":12},"end":{"line":45,"column":82}},"24":{"start":{"line":47,"column":12},"end":{"line":47,"column":27}},"25":{"start":{"line":53,"column":0},"end":{"line":63,"column":2}},"26":{"start":{"line":55,"column":4},"end":{"line":61,"column":6}},"27":{"start":{"line":57,"column":8},"end":{"line":60,"column":27}},"28":{"start":{"line":58,"column":12},"end":{"line":58,"column":93}},"29":{"start":{"line":60,"column":12},"end":{"line":60,"column":27}},"30":{"start":{"line":65,"column":0},"end":{"line":83,"column":2}},"31":{"start":{"line":67,"column":4},"end":{"line":67,"column":26}},"32":{"start":{"line":68,"column":4},"end":{"line":68,"column":38}},"33":{"start":{"line":69,"column":4},"end":{"line":69,"column":32}},"34":{"start":{"line":70,"column":4},"end":{"line":70,"column":57}},"35":{"start":{"line":71,"column":4},"end":{"line":71,"column":19}},"36":{"start":{"line":72,"column":4},"end":{"line":72,"column":56}},"37":{"start":{"line":74,"column":4},"end":{"line":81,"column":7}},"38":{"start":{"line":76,"column":8},"end":{"line":79,"column":61}},"39":{"start":{"line":77,"column":12},"end":{"line":77,"column":26}},"40":{"start":{"line":79,"column":12},"end":{"line":79,"column":61}},"41":{"start":{"line":85,"column":0},"end":{"line":96,"column":2}},"42":{"start":{"line":87,"column":4},"end":{"line":87,"column":48}},"43":{"start":{"line":89,"column":4},"end":{"line":94,"column":75}},"44":{"start":{"line":90,"column":8},"end":{"line":90,"column":32}},"45":{"start":{"line":91,"column":8},"end":{"line":91,"column":43}},"46":{"start":{"line":94,"column":8},"end":{"line":94,"column":75}},"47":{"start":{"line":99,"column":0},"end":{"line":108,"column":2}},"48":{"start":{"line":101,"column":4},"end":{"line":106,"column":7}},"49":{"start":{"line":102,"column":8},"end":{"line":105,"column":47}},"50":{"start":{"line":103,"column":12},"end":{"line":103,"column":26}},"51":{"start":{"line":105,"column":12},"end":{"line":105,"column":47}},"52":{"start":{"line":110,"column":0},"end":{"line":132,"column":2}},"53":{"start":{"line":112,"column":4},"end":{"line":129,"column":5}},"54":{"start":{"line":114,"column":8},"end":{"line":126,"column":11}},"55":{"start":{"line":116,"column":12},"end":{"line":125,"column":13}},"56":{"start":{"line":117,"column":16},"end":{"line":117,"column":30}},"57":{"start":{"line":119,"column":16},"end":{"line":124,"column":17}},"58":{"start":{"line":120,"column":20},"end":{"line":120,"column":66}},"59":{"start":{"line":123,"column":20},"end":{"line":123,"column":35}},"60":{"start":{"line":128,"column":8},"end":{"line":128,"column":45}},"61":{"start":{"line":134,"column":0},"end":{"line":134,"column":24}}},"branchMap":{"1":{"line":12,"type":"cond-expr","locations":[{"start":{"line":12,"column":20},"end":{"line":12,"column":29}},{"start":{"line":12,"column":32},"end":{"line":12,"column":36}}]},"2":{"line":18,"type":"if","locations":[{"start":{"line":18,"column":4},"end":{"line":18,"column":4}},{"start":{"line":18,"column":4},"end":{"line":18,"column":4}}]},"3":{"line":18,"type":"binary-expr","locations":[{"start":{"line":18,"column":8},"end":{"line":18,"column":31}},{"start":{"line":18,"column":35},"end":{"line":18,"column":55}},{"start":{"line":18,"column":59},"end":{"line":18,"column":82}}]},"4":{"line":31,"type":"if","locations":[{"start":{"line":31,"column":8},"end":{"line":31,"column":8}},{"start":{"line":31,"column":8},"end":{"line":31,"column":8}}]},"5":{"line":44,"type":"if","locations":[{"start":{"line":44,"column":8},"end":{"line":44,"column":8}},{"start":{"line":44,"column":8},"end":{"line":44,"column":8}}]},"6":{"line":57,"type":"if","locations":[{"start":{"line":57,"column":8},"end":{"line":57,"column":8}},{"start":{"line":57,"column":8},"end":{"line":57,"column":8}}]},"7":{"line":76,"type":"if","locations":[{"start":{"line":76,"column":8},"end":{"line":76,"column":8}},{"start":{"line":76,"column":8},"end":{"line":76,"column":8}}]},"8":{"line":89,"type":"if","locations":[{"start":{"line":89,"column":4},"end":{"line":89,"column":4}},{"start":{"line":89,"column":4},"end":{"line":89,"column":4}}]},"9":{"line":102,"type":"if","locations":[{"start":{"line":102,"column":8},"end":{"line":102,"column":8}},{"start":{"line":102,"column":8},"end":{"line":102,"column":8}}]},"10":{"line":112,"type":"if","locations":[{"start":{"line":112,"column":4},"end":{"line":112,"column":4}},{"start":{"line":112,"column":4},"end":{"line":112,"column":4}}]},"11":{"line":112,"type":"binary-expr","locations":[{"start":{"line":112,"column":7},"end":{"line":112,"column":37}},{"start":{"line":112,"column":41},"end":{"line":112,"column":74}}]},"12":{"line":116,"type":"if","locations":[{"start":{"line":116,"column":12},"end":{"line":116,"column":12}},{"start":{"line":116,"column":12},"end":{"line":116,"column":12}}]},"13":{"line":119,"type":"if","locations":[{"start":{"line":119,"column":16},"end":{"line":119,"column":16}},{"start":{"line":119,"column":16},"end":{"line":119,"column":16}}]}}},"C:\\users\\slaye\\desktop\\craftdesigndisplay\\Models\\TemporaryUsers.js":{"path":"C:\\users\\slaye\\desktop\\craftdesigndisplay\\Models\\TemporaryUsers.js","s":{"1":1,"2":1},"b":{},"f":{},"fnMap":{},"statementMap":{"1":{"start":{"line":1,"column":0},"end":{"line":4,"column":2}},"2":{"start":{"line":6,"column":0},"end":{"line":6,"column":23}}},"branchMap":{}},"C:\\users\\slaye\\desktop\\craftdesigndisplay\\Models\\User.js":{"path":"C:\\users\\slaye\\desktop\\craftdesigndisplay\\Models\\User.js","s":{"1":1,"2":1,"3":1,"4":1,"5":1,"6":0,"7":1,"8":0,"9":1},"b":{},"f":{"1":0,"2":0},"fnMap":{"1":{"name":"(anonymous_1)","line":24,"loc":{"start":{"line":24,"column":34},"end":{"line":24,"column":54}}},"2":{"name":"(anonymous_2)","line":28,"loc":{"start":{"line":28,"column":35},"end":{"line":28,"column":55}}}},"statementMap":{"1":{"start":{"line":1,"column":0},"end":{"line":1,"column":35}},"2":{"start":{"line":2,"column":0},"end":{"line":2,"column":29}},"3":{"start":{"line":3,"column":0},"end":{"line":3,"column":31}},"4":{"start":{"line":5,"column":0},"end":{"line":22,"column":3}},"5":{"start":{"line":24,"column":0},"end":{"line":26,"column":2}},"6":{"start":{"line":25,"column":4},"end":{"line":25,"column":66}},"7":{"start":{"line":28,"column":0},"end":{"line":30,"column":2}},"8":{"start":{"line":29,"column":4},"end":{"line":29,"column":55}},"9":{"start":{"line":36,"column":0},"end":{"line":36,"column":52}}},"branchMap":{}},"C:\\users\\slaye\\desktop\\craftdesigndisplay\\routes\\Posts.js":{"path":"C:\\users\\slaye\\desktop\\craftdesigndisplay\\routes\\Posts.js","s":{"1":1,"2":1,"3":1,"4":1,"5":1,"6":1,"7":1,"8":1,"9":1,"10":0,"11":1,"12":0,"13":0,"14":0,"15":0,"16":0,"17":0,"18":0,"19":1,"20":0,"21":0,"22":0,"23":0,"24":0,"25":1,"26":0,"27":0,"28":0,"29":0,"30":0,"31":0,"32":0,"33":0,"34":0,"35":0,"36":0,"37":0,"38":1,"39":0,"40":0,"41":0,"42":0,"43":0,"44":1,"45":0,"46":0,"47":0,"48":0,"49":0,"50":1,"51":0,"52":0,"53":0,"54":0,"55":1,"56":0,"57":0,"58":0,"59":0,"60":1,"61":0,"62":0,"63":0,"64":0,"65":1,"66":0,"67":0,"68":0,"69":0,"70":0,"71":0,"72":1,"73":0,"74":0,"75":0,"76":0,"77":1,"78":0,"79":0,"80":0,"81":0,"82":0,"83":1,"84":0,"85":0,"86":0,"87":0,"88":1,"89":0,"90":0,"91":0,"92":0,"93":1,"94":0,"95":0,"96":0,"97":0,"98":0,"99":0,"100":0,"101":0,"102":0,"103":0,"104":0,"105":0,"106":1,"107":0,"108":0,"109":0,"110":0,"111":0,"112":0,"113":0,"114":0,"115":0,"116":0,"117":0,"118":0,"119":0,"120":0,"121":1,"122":0,"123":0,"124":0,"125":0,"126":1},"b":{"1":[0,0],"2":[0,0],"3":[0,0],"4":[0,0],"5":[0,0],"6":[0,0],"7":[0,0],"8":[0,0],"9":[0,0],"10":[0,0],"11":[0,0],"12":[0,0],"13":[0,0],"14":[0,0],"15":[0,0],"16":[0,0],"17":[0,0],"18":[0,0]},"f":{"1":1,"2":0,"3":0,"4":0,"5":0,"6":0,"7":0,"8":0,"9":0,"10":0,"11":0,"12":0,"13":0,"14":0,"15":0,"16":0,"17":0,"18":0,"19":0,"20":0,"21":0,"22":0,"23":0,"24":0,"25":0,"26":0,"27":0,"28":0,"29":0},"fnMap":{"1":{"name":"(anonymous_1)","line":17,"loc":{"start":{"line":17,"column":15},"end":{"line":17,"column":30}}},"2":{"name":"(anonymous_2)","line":21,"loc":{"start":{"line":21,"column":16},"end":{"line":21,"column":28}}},"3":{"name":"findAllPostsByTagGiven","line":27,"loc":{"start":{"line":27,"column":0},"end":{"line":27,"column":52}}},"4":{"name":"findAllPostsLowerThanPriceGiven","line":43,"loc":{"start":{"line":43,"column":0},"end":{"line":43,"column":63}}},"5":{"name":"selectRandomizedFeaturedPosts","line":57,"loc":{"start":{"line":57,"column":0},"end":{"line":57,"column":48}}},"6":{"name":"findAllPostsByCategory","line":76,"loc":{"start":{"line":76,"column":0},"end":{"line":76,"column":51}}},"7":{"name":"selectAllPostsFromParticularUser","line":89,"loc":{"start":{"line":89,"column":0},"end":{"line":89,"column":56}}},"8":{"name":"(anonymous_8)","line":105,"loc":{"start":{"line":105,"column":21},"end":{"line":105,"column":41}}},"9":{"name":"(anonymous_9)","line":115,"loc":{"start":{"line":115,"column":22},"end":{"line":115,"column":42}}},"10":{"name":"(anonymous_10)","line":117,"loc":{"start":{"line":117,"column":14},"end":{"line":117,"column":36}}},"11":{"name":"(anonymous_11)","line":126,"loc":{"start":{"line":126,"column":17},"end":{"line":126,"column":37}}},"12":{"name":"(anonymous_12)","line":128,"loc":{"start":{"line":128,"column":38},"end":{"line":128,"column":59}}},"13":{"name":"(anonymous_13)","line":140,"loc":{"start":{"line":140,"column":27},"end":{"line":140,"column":47}}},"14":{"name":"(anonymous_14)","line":142,"loc":{"start":{"line":142,"column":14},"end":{"line":142,"column":34}}},"15":{"name":"(anonymous_15)","line":155,"loc":{"start":{"line":155,"column":19},"end":{"line":155,"column":39}}},"16":{"name":"(anonymous_16)","line":157,"loc":{"start":{"line":157,"column":14},"end":{"line":157,"column":36}}},"17":{"name":"(anonymous_17)","line":167,"loc":{"start":{"line":167,"column":30},"end":{"line":167,"column":50}}},"18":{"name":"(anonymous_18)","line":169,"loc":{"start":{"line":169,"column":14},"end":{"line":169,"column":35}}},"19":{"name":"(anonymous_19)","line":180,"loc":{"start":{"line":180,"column":37},"end":{"line":180,"column":57}}},"20":{"name":"(anonymous_20)","line":182,"loc":{"start":{"line":182,"column":14},"end":{"line":182,"column":36}}},"21":{"name":"(anonymous_21)","line":192,"loc":{"start":{"line":192,"column":40},"end":{"line":192,"column":60}}},"22":{"name":"(anonymous_22)","line":194,"loc":{"start":{"line":194,"column":14},"end":{"line":194,"column":36}}},"23":{"name":"(anonymous_23)","line":209,"loc":{"start":{"line":209,"column":18},"end":{"line":209,"column":38}}},"24":{"name":"(anonymous_24)","line":220,"loc":{"start":{"line":220,"column":15},"end":{"line":220,"column":30}}},"25":{"name":"(anonymous_25)","line":239,"loc":{"start":{"line":239,"column":20},"end":{"line":239,"column":40}}},"26":{"name":"(anonymous_26)","line":241,"loc":{"start":{"line":241,"column":33},"end":{"line":241,"column":54}}},"27":{"name":"(anonymous_27)","line":255,"loc":{"start":{"line":255,"column":22},"end":{"line":255,"column":37}}},"28":{"name":"(anonymous_28)","line":269,"loc":{"start":{"line":269,"column":20},"end":{"line":269,"column":40}}},"29":{"name":"(anonymous_29)","line":271,"loc":{"start":{"line":271,"column":40},"end":{"line":271,"column":55}}}},"statementMap":{"1":{"start":{"line":1,"column":0},"end":{"line":1,"column":33}},"2":{"start":{"line":2,"column":0},"end":{"line":2,"column":30}},"3":{"start":{"line":3,"column":0},"end":{"line":3,"column":35}},"4":{"start":{"line":4,"column":0},"end":{"line":4,"column":43}},"5":{"start":{"line":13,"column":0},"end":{"line":13,"column":60}},"6":{"start":{"line":15,"column":0},"end":{"line":15,"column":29}},"7":{"start":{"line":17,"column":0},"end":{"line":19,"column":3}},"8":{"start":{"line":18,"column":4},"end":{"line":18,"column":40}},"9":{"start":{"line":21,"column":0},"end":{"line":23,"column":3}},"10":{"start":{"line":22,"column":3},"end":{"line":22,"column":40}},"11":{"start":{"line":27,"column":0},"end":{"line":41,"column":1}},"12":{"start":{"line":29,"column":4},"end":{"line":29,"column":26}},"13":{"start":{"line":30,"column":4},"end":{"line":30,"column":23}},"14":{"start":{"line":32,"column":4},"end":{"line":37,"column":5}},"15":{"start":{"line":33,"column":8},"end":{"line":33,"column":56}},"16":{"start":{"line":35,"column":8},"end":{"line":36,"column":43}},"17":{"start":{"line":36,"column":12},"end":{"line":36,"column":43}},"18":{"start":{"line":39,"column":4},"end":{"line":39,"column":24}},"19":{"start":{"line":43,"column":0},"end":{"line":55,"column":1}},"20":{"start":{"line":45,"column":4},"end":{"line":45,"column":36}},"21":{"start":{"line":47,"column":4},"end":{"line":51,"column":5}},"22":{"start":{"line":48,"column":8},"end":{"line":49,"column":52}},"23":{"start":{"line":49,"column":12},"end":{"line":49,"column":52}},"24":{"start":{"line":53,"column":4},"end":{"line":53,"column":34}},"25":{"start":{"line":57,"column":0},"end":{"line":74,"column":1}},"26":{"start":{"line":59,"column":4},"end":{"line":59,"column":28}},"27":{"start":{"line":60,"column":4},"end":{"line":60,"column":27}},"28":{"start":{"line":61,"column":4},"end":{"line":61,"column":20}},"29":{"start":{"line":63,"column":4},"end":{"line":72,"column":5}},"30":{"start":{"line":64,"column":8},"end":{"line":64,"column":73}},"31":{"start":{"line":65,"column":8},"end":{"line":69,"column":9}},"32":{"start":{"line":66,"column":12},"end":{"line":66,"column":38}},"33":{"start":{"line":67,"column":12},"end":{"line":67,"column":41}},"34":{"start":{"line":68,"column":12},"end":{"line":68,"column":21}},"35":{"start":{"line":70,"column":8},"end":{"line":71,"column":18}},"36":{"start":{"line":71,"column":12},"end":{"line":71,"column":18}},"37":{"start":{"line":73,"column":4},"end":{"line":73,"column":26}},"38":{"start":{"line":76,"column":0},"end":{"line":87,"column":1}},"39":{"start":{"line":78,"column":4},"end":{"line":78,"column":26}},"40":{"start":{"line":80,"column":4},"end":{"line":84,"column":5}},"41":{"start":{"line":82,"column":8},"end":{"line":83,"column":43}},"42":{"start":{"line":83,"column":12},"end":{"line":83,"column":43}},"43":{"start":{"line":86,"column":4},"end":{"line":86,"column":24}},"44":{"start":{"line":89,"column":0},"end":{"line":99,"column":1}},"45":{"start":{"line":91,"column":4},"end":{"line":91,"column":24}},"46":{"start":{"line":93,"column":4},"end":{"line":97,"column":5}},"47":{"start":{"line":94,"column":8},"end":{"line":96,"column":9}},"48":{"start":{"line":95,"column":12},"end":{"line":95,"column":38}},"49":{"start":{"line":98,"column":4},"end":{"line":98,"column":22}},"50":{"start":{"line":105,"column":0},"end":{"line":113,"column":2}},"51":{"start":{"line":107,"column":4},"end":{"line":107,"column":37}},"52":{"start":{"line":108,"column":4},"end":{"line":108,"column":31}},"53":{"start":{"line":109,"column":4},"end":{"line":109,"column":24}},"54":{"start":{"line":111,"column":4},"end":{"line":111,"column":33}},"55":{"start":{"line":115,"column":0},"end":{"line":124,"column":2}},"56":{"start":{"line":117,"column":4},"end":{"line":122,"column":7}},"57":{"start":{"line":118,"column":8},"end":{"line":119,"column":26}},"58":{"start":{"line":119,"column":12},"end":{"line":119,"column":26}},"59":{"start":{"line":121,"column":8},"end":{"line":121,"column":24}},"60":{"start":{"line":126,"column":0},"end":{"line":136,"column":2}},"61":{"start":{"line":128,"column":4},"end":{"line":134,"column":7}},"62":{"start":{"line":130,"column":8},"end":{"line":133,"column":27}},"63":{"start":{"line":131,"column":12},"end":{"line":131,"column":77}},"64":{"start":{"line":133,"column":12},"end":{"line":133,"column":27}},"65":{"start":{"line":140,"column":0},"end":{"line":153,"column":2}},"66":{"start":{"line":142,"column":4},"end":{"line":151,"column":7}},"67":{"start":{"line":143,"column":8},"end":{"line":143,"column":36}},"68":{"start":{"line":145,"column":7},"end":{"line":145,"column":85}},"69":{"start":{"line":146,"column":7},"end":{"line":149,"column":77}},"70":{"start":{"line":147,"column":11},"end":{"line":147,"column":32}},"71":{"start":{"line":149,"column":11},"end":{"line":149,"column":77}},"72":{"start":{"line":155,"column":0},"end":{"line":165,"column":2}},"73":{"start":{"line":157,"column":4},"end":{"line":164,"column":7}},"74":{"start":{"line":159,"column":8},"end":{"line":161,"column":9}},"75":{"start":{"line":160,"column":12},"end":{"line":160,"column":26}},"76":{"start":{"line":163,"column":8},"end":{"line":163,"column":73}},"77":{"start":{"line":167,"column":0},"end":{"line":178,"column":2}},"78":{"start":{"line":169,"column":4},"end":{"line":176,"column":7}},"79":{"start":{"line":171,"column":8},"end":{"line":171,"column":82}},"80":{"start":{"line":172,"column":8},"end":{"line":175,"column":92}},"81":{"start":{"line":173,"column":12},"end":{"line":173,"column":33}},"82":{"start":{"line":175,"column":12},"end":{"line":175,"column":92}},"83":{"start":{"line":180,"column":0},"end":{"line":190,"column":2}},"84":{"start":{"line":182,"column":4},"end":{"line":188,"column":6}},"85":{"start":{"line":184,"column":8},"end":{"line":185,"column":26}},"86":{"start":{"line":185,"column":12},"end":{"line":185,"column":26}},"87":{"start":{"line":187,"column":8},"end":{"line":187,"column":54}},"88":{"start":{"line":192,"column":0},"end":{"line":203,"column":2}},"89":{"start":{"line":194,"column":4},"end":{"line":201,"column":7}},"90":{"start":{"line":196,"column":8},"end":{"line":197,"column":26}},"91":{"start":{"line":197,"column":12},"end":{"line":197,"column":26}},"92":{"start":{"line":199,"column":8},"end":{"line":199,"column":69}},"93":{"start":{"line":209,"column":0},"end":{"line":227,"column":2}},"94":{"start":{"line":211,"column":4},"end":{"line":211,"column":27}},"95":{"start":{"line":212,"column":4},"end":{"line":212,"column":33}},"96":{"start":{"line":213,"column":4},"end":{"line":213,"column":41}},"97":{"start":{"line":214,"column":4},"end":{"line":214,"column":33}},"98":{"start":{"line":215,"column":4},"end":{"line":215,"column":45}},"99":{"start":{"line":216,"column":4},"end":{"line":216,"column":31}},"100":{"start":{"line":217,"column":4},"end":{"line":217,"column":39}},"101":{"start":{"line":218,"column":4},"end":{"line":218,"column":39}},"102":{"start":{"line":220,"column":4},"end":{"line":225,"column":7}},"103":{"start":{"line":221,"column":8},"end":{"line":224,"column":62}},"104":{"start":{"line":222,"column":12},"end":{"line":222,"column":26}},"105":{"start":{"line":224,"column":12},"end":{"line":224,"column":62}},"106":{"start":{"line":239,"column":0},"end":{"line":267,"column":2}},"107":{"start":{"line":241,"column":4},"end":{"line":266,"column":7}},"108":{"start":{"line":243,"column":8},"end":{"line":264,"column":9}},"109":{"start":{"line":244,"column":12},"end":{"line":244,"column":50}},"110":{"start":{"line":247,"column":12},"end":{"line":247,"column":40}},"111":{"start":{"line":248,"column":12},"end":{"line":248,"column":48}},"112":{"start":{"line":249,"column":12},"end":{"line":249,"column":40}},"113":{"start":{"line":250,"column":12},"end":{"line":250,"column":52}},"114":{"start":{"line":251,"column":12},"end":{"line":251,"column":38}},"115":{"start":{"line":252,"column":12},"end":{"line":252,"column":46}},"116":{"start":{"line":253,"column":12},"end":{"line":253,"column":46}},"117":{"start":{"line":255,"column":12},"end":{"line":263,"column":14}},"118":{"start":{"line":256,"column":16},"end":{"line":261,"column":17}},"119":{"start":{"line":257,"column":20},"end":{"line":257,"column":37}},"120":{"start":{"line":260,"column":20},"end":{"line":260,"column":68}},"121":{"start":{"line":269,"column":0},"end":{"line":278,"column":2}},"122":{"start":{"line":271,"column":2},"end":{"line":277,"column":4}},"123":{"start":{"line":273,"column":6},"end":{"line":276,"column":58}},"124":{"start":{"line":274,"column":10},"end":{"line":274,"column":24}},"125":{"start":{"line":276,"column":10},"end":{"line":276,"column":58}},"126":{"start":{"line":280,"column":0},"end":{"line":280,"column":24}}},"branchMap":{"1":{"line":35,"type":"if","locations":[{"start":{"line":35,"column":8},"end":{"line":35,"column":8}},{"start":{"line":35,"column":8},"end":{"line":35,"column":8}}]},"2":{"line":48,"type":"if","locations":[{"start":{"line":48,"column":8},"end":{"line":48,"column":8}},{"start":{"line":48,"column":8},"end":{"line":48,"column":8}}]},"3":{"line":65,"type":"if","locations":[{"start":{"line":65,"column":8},"end":{"line":65,"column":8}},{"start":{"line":65,"column":8},"end":{"line":65,"column":8}}]},"4":{"line":65,"type":"binary-expr","locations":[{"start":{"line":65,"column":11},"end":{"line":65,"column":24}},{"start":{"line":65,"column":28},"end":{"line":65,"column":66}}]},"5":{"line":70,"type":"if","locations":[{"start":{"line":70,"column":8},"end":{"line":70,"column":8}},{"start":{"line":70,"column":8},"end":{"line":70,"column":8}}]},"6":{"line":82,"type":"if","locations":[{"start":{"line":82,"column":8},"end":{"line":82,"column":8}},{"start":{"line":82,"column":8},"end":{"line":82,"column":8}}]},"7":{"line":94,"type":"if","locations":[{"start":{"line":94,"column":8},"end":{"line":94,"column":8}},{"start":{"line":94,"column":8},"end":{"line":94,"column":8}}]},"8":{"line":118,"type":"if","locations":[{"start":{"line":118,"column":8},"end":{"line":118,"column":8}},{"start":{"line":118,"column":8},"end":{"line":118,"column":8}}]},"9":{"line":130,"type":"if","locations":[{"start":{"line":130,"column":8},"end":{"line":130,"column":8}},{"start":{"line":130,"column":8},"end":{"line":130,"column":8}}]},"10":{"line":146,"type":"if","locations":[{"start":{"line":146,"column":7},"end":{"line":146,"column":7}},{"start":{"line":146,"column":7},"end":{"line":146,"column":7}}]},"11":{"line":159,"type":"if","locations":[{"start":{"line":159,"column":8},"end":{"line":159,"column":8}},{"start":{"line":159,"column":8},"end":{"line":159,"column":8}}]},"12":{"line":172,"type":"if","locations":[{"start":{"line":172,"column":8},"end":{"line":172,"column":8}},{"start":{"line":172,"column":8},"end":{"line":172,"column":8}}]},"13":{"line":184,"type":"if","locations":[{"start":{"line":184,"column":8},"end":{"line":184,"column":8}},{"start":{"line":184,"column":8},"end":{"line":184,"column":8}}]},"14":{"line":196,"type":"if","locations":[{"start":{"line":196,"column":8},"end":{"line":196,"column":8}},{"start":{"line":196,"column":8},"end":{"line":196,"column":8}}]},"15":{"line":221,"type":"if","locations":[{"start":{"line":221,"column":8},"end":{"line":221,"column":8}},{"start":{"line":221,"column":8},"end":{"line":221,"column":8}}]},"16":{"line":243,"type":"if","locations":[{"start":{"line":243,"column":8},"end":{"line":243,"column":8}},{"start":{"line":243,"column":8},"end":{"line":243,"column":8}}]},"17":{"line":256,"type":"if","locations":[{"start":{"line":256,"column":16},"end":{"line":256,"column":16}},{"start":{"line":256,"column":16},"end":{"line":256,"column":16}}]},"18":{"line":273,"type":"if","locations":[{"start":{"line":273,"column":6},"end":{"line":273,"column":6}},{"start":{"line":273,"column":6},"end":{"line":273,"column":6}}]}}},"C:\\users\\slaye\\desktop\\craftdesigndisplay\\Models\\PostSchema.js":{"path":"C:\\users\\slaye\\desktop\\craftdesigndisplay\\Models\\PostSchema.js","s":{"1":1,"2":1,"3":1,"4":1},"b":{},"f":{},"fnMap":{},"statementMap":{"1":{"start":{"line":1,"column":0},"end":{"line":1,"column":35}},"2":{"start":{"line":2,"column":0},"end":{"line":2,"column":29}},"3":{"start":{"line":4,"column":0},"end":{"line":35,"column":3}},"4":{"start":{"line":37,"column":0},"end":{"line":37,"column":52}}},"branchMap":{}}}