TN:
SF:C:\users\slaye\desktop\craftdesigndisplay\Tests\routes\PostApiTests.js
FN:18,(anonymous_1)
FN:22,(anonymous_2)
FN:26,(anonymous_3)
FN:27,(anonymous_4)
FN:60,(anonymous_5)
FN:61,(anonymous_6)
FN:65,(anonymous_7)
FN:74,(anonymous_8)
FN:75,(anonymous_9)
FN:78,(anonymous_10)
FN:86,(anonymous_11)
FN:89,(anonymous_12)
FN:97,(anonymous_13)
FN:98,(anonymous_14)
FN:101,(anonymous_15)
FN:111,(anonymous_16)
FN:114,(anonymous_17)
FN:122,(anonymous_18)
FN:123,(anonymous_19)
FN:126,(anonymous_20)
FN:135,(anonymous_21)
FN:138,(anonymous_22)
FNF:22
FNH:0
FNDA:0,(anonymous_1)
FNDA:0,(anonymous_2)
FNDA:0,(anonymous_3)
FNDA:0,(anonymous_4)
FNDA:0,(anonymous_5)
FNDA:0,(anonymous_6)
FNDA:0,(anonymous_7)
FNDA:0,(anonymous_8)
FNDA:0,(anonymous_9)
FNDA:0,(anonymous_10)
FNDA:0,(anonymous_11)
FNDA:0,(anonymous_12)
FNDA:0,(anonymous_13)
FNDA:0,(anonymous_14)
FNDA:0,(anonymous_15)
FNDA:0,(anonymous_16)
FNDA:0,(anonymous_17)
FNDA:0,(anonymous_18)
FNDA:0,(anonymous_19)
FNDA:0,(anonymous_20)
FNDA:0,(anonymous_21)
FNDA:0,(anonymous_22)
DA:1,1
DA:3,1
DA:4,1
DA:5,1
DA:6,1
DA:7,1
DA:8,1
DA:11,1
DA:12,1
DA:14,1
DA:16,1
DA:18,1
DA:19,0
DA:22,1
DA:23,0
DA:26,1
DA:27,0
DA:28,0
DA:30,0
DA:41,0
DA:53,0
DA:55,0
DA:60,0
DA:61,0
DA:63,0
DA:66,0
DA:67,0
DA:68,0
DA:74,0
DA:75,0
DA:76,0
DA:79,0
DA:80,0
DA:81,0
DA:82,0
DA:86,0
DA:87,0
DA:90,0
DA:91,0
DA:97,0
DA:98,0
DA:99,0
DA:102,0
DA:103,0
DA:104,0
DA:105,0
DA:107,0
DA:111,0
DA:112,0
DA:115,0
DA:116,0
DA:122,0
DA:123,0
DA:124,0
DA:127,0
DA:128,0
DA:129,0
DA:130,0
DA:131,0
DA:135,0
DA:136,0
DA:139,0
DA:140,0
LF:63
LH:14
BRF:0
BRH:0
end_of_record
TN:
SF:C:\users\slaye\desktop\craftdesigndisplay\Models\TemporaryPosts.js
FNF:0
FNH:0
DA:1,1
DA:99,1
LF:2
LH:2
BRF:0
BRH:0
end_of_record
TN:
SF:C:\users\slaye\desktop\craftdesigndisplay\app.js
FN:74,(anonymous_1)
FN:81,(anonymous_2)
FN:92,onLoadFunction
FN:94,(anonymous_4)
FNF:4
FNH:0
FNDA:0,(anonymous_1)
FNDA:0,(anonymous_2)
FNDA:0,onLoadFunction
FNDA:0,(anonymous_4)
DA:1,1
DA:2,1
DA:3,1
DA:4,1
DA:5,1
DA:9,1
DA:10,1
DA:11,1
DA:13,1
DA:16,1
DA:17,1
DA:22,1
DA:23,1
DA:24,1
DA:27,1
DA:29,1
DA:30,1
DA:31,1
DA:36,1
DA:37,1
DA:38,1
DA:39,1
DA:40,1
DA:41,1
DA:46,1
DA:47,1
DA:48,1
DA:49,1
DA:50,1
DA:51,1
DA:52,1
DA:53,1
DA:54,1
DA:55,1
DA:57,1
DA:69,1
DA:70,1
DA:74,1
DA:75,0
DA:76,0
DA:77,0
DA:81,1
DA:83,0
DA:84,0
DA:87,0
DA:88,0
DA:92,1
DA:93,0
DA:94,0
DA:99,1
LF:50
LH:41
BRDA:69,1,0,1
BRDA:69,1,1,0
BRDA:84,2,0,0
BRDA:84,2,1,0
BRDA:87,3,0,0
BRDA:87,3,1,0
BRF:6
BRH:1
end_of_record
TN:
SF:C:\users\slaye\desktop\craftdesigndisplay\routes\index.js
FN:5,(anonymous_1)
FNF:1
FNH:0
FNDA:0,(anonymous_1)
DA:1,1
DA:2,1
DA:5,1
DA:6,0
DA:9,1
LF:5
LH:4
BRF:0
BRH:0
end_of_record
TN:
SF:C:\users\slaye\desktop\craftdesigndisplay\routes\User.js
FN:9,getByValue
FN:10,(anonymous_2)
FN:15,validateAddUserRequest
FN:28,(anonymous_4)
FN:30,(anonymous_5)
FN:40,(anonymous_6)
FN:42,(anonymous_7)
FN:53,(anonymous_8)
FN:55,(anonymous_9)
FN:65,(anonymous_10)
FN:74,(anonymous_11)
FN:85,(anonymous_12)
FN:99,(anonymous_13)
FN:101,(anonymous_14)
FN:110,(anonymous_15)
FN:114,(anonymous_16)
FNF:16
FNH:0
FNDA:0,getByValue
FNDA:0,(anonymous_2)
FNDA:0,validateAddUserRequest
FNDA:0,(anonymous_4)
FNDA:0,(anonymous_5)
FNDA:0,(anonymous_6)
FNDA:0,(anonymous_7)
FNDA:0,(anonymous_8)
FNDA:0,(anonymous_9)
FNDA:0,(anonymous_10)
FNDA:0,(anonymous_11)
FNDA:0,(anonymous_12)
FNDA:0,(anonymous_13)
FNDA:0,(anonymous_14)
FNDA:0,(anonymous_15)
FNDA:0,(anonymous_16)
DA:1,1
DA:2,1
DA:3,1
DA:4,1
DA:9,1
DA:10,0
DA:12,0
DA:15,1
DA:16,0
DA:18,0
DA:19,0
DA:21,0
DA:23,0
DA:28,1
DA:30,0
DA:31,0
DA:32,0
DA:34,0
DA:40,1
DA:42,0
DA:44,0
DA:45,0
DA:47,0
DA:53,1
DA:55,0
DA:57,0
DA:58,0
DA:60,0
DA:65,1
DA:67,0
DA:68,0
DA:69,0
DA:70,0
DA:71,0
DA:72,0
DA:74,0
DA:76,0
DA:77,0
DA:79,0
DA:85,1
DA:87,0
DA:89,0
DA:90,0
DA:91,0
DA:94,0
DA:99,1
DA:101,0
DA:102,0
DA:103,0
DA:105,0
DA:110,1
DA:112,0
DA:114,0
DA:116,0
DA:117,0
DA:119,0
DA:120,0
DA:123,0
DA:128,0
DA:134,1
LF:60
LH:14
BRDA:12,1,0,0
BRDA:12,1,1,0
BRDA:18,2,0,0
BRDA:18,2,1,0
BRDA:18,3,0,0
BRDA:18,3,1,0
BRDA:18,3,2,0
BRDA:31,4,0,0
BRDA:31,4,1,0
BRDA:44,5,0,0
BRDA:44,5,1,0
BRDA:57,6,0,0
BRDA:57,6,1,0
BRDA:76,7,0,0
BRDA:76,7,1,0
BRDA:89,8,0,0
BRDA:89,8,1,0
BRDA:102,9,0,0
BRDA:102,9,1,0
BRDA:112,10,0,0
BRDA:112,10,1,0
BRDA:112,11,0,0
BRDA:112,11,1,0
BRDA:116,12,0,0
BRDA:116,12,1,0
BRDA:119,13,0,0
BRDA:119,13,1,0
BRF:27
BRH:0
end_of_record
TN:
SF:C:\users\slaye\desktop\craftdesigndisplay\Models\TemporaryUsers.js
FNF:0
FNH:0
DA:1,1
DA:6,1
LF:2
LH:2
BRF:0
BRH:0
end_of_record
TN:
SF:C:\users\slaye\desktop\craftdesigndisplay\Models\User.js
FN:24,(anonymous_1)
FN:28,(anonymous_2)
FNF:2
FNH:0
FNDA:0,(anonymous_1)
FNDA:0,(anonymous_2)
DA:1,1
DA:2,1
DA:3,1
DA:5,1
DA:24,1
DA:25,0
DA:28,1
DA:29,0
DA:36,1
LF:9
LH:7
BRF:0
BRH:0
end_of_record
TN:
SF:C:\users\slaye\desktop\craftdesigndisplay\routes\Posts.js
FN:17,(anonymous_1)
FN:21,(anonymous_2)
FN:27,findAllPostsByTagGiven
FN:43,findAllPostsLowerThanPriceGiven
FN:57,selectRandomizedFeaturedPosts
FN:76,findAllPostsByCategory
FN:89,selectAllPostsFromParticularUser
FN:105,(anonymous_8)
FN:115,(anonymous_9)
FN:117,(anonymous_10)
FN:126,(anonymous_11)
FN:128,(anonymous_12)
FN:140,(anonymous_13)
FN:142,(anonymous_14)
FN:155,(anonymous_15)
FN:157,(anonymous_16)
FN:167,(anonymous_17)
FN:169,(anonymous_18)
FN:180,(anonymous_19)
FN:182,(anonymous_20)
FN:192,(anonymous_21)
FN:194,(anonymous_22)
FN:209,(anonymous_23)
FN:220,(anonymous_24)
FN:239,(anonymous_25)
FN:241,(anonymous_26)
FN:255,(anonymous_27)
FN:269,(anonymous_28)
FN:271,(anonymous_29)
FNF:29
FNH:1
FNDA:1,(anonymous_1)
FNDA:0,(anonymous_2)
FNDA:0,findAllPostsByTagGiven
FNDA:0,findAllPostsLowerThanPriceGiven
FNDA:0,selectRandomizedFeaturedPosts
FNDA:0,findAllPostsByCategory
FNDA:0,selectAllPostsFromParticularUser
FNDA:0,(anonymous_8)
FNDA:0,(anonymous_9)
FNDA:0,(anonymous_10)
FNDA:0,(anonymous_11)
FNDA:0,(anonymous_12)
FNDA:0,(anonymous_13)
FNDA:0,(anonymous_14)
FNDA:0,(anonymous_15)
FNDA:0,(anonymous_16)
FNDA:0,(anonymous_17)
FNDA:0,(anonymous_18)
FNDA:0,(anonymous_19)
FNDA:0,(anonymous_20)
FNDA:0,(anonymous_21)
FNDA:0,(anonymous_22)
FNDA:0,(anonymous_23)
FNDA:0,(anonymous_24)
FNDA:0,(anonymous_25)
FNDA:0,(anonymous_26)
FNDA:0,(anonymous_27)
FNDA:0,(anonymous_28)
FNDA:0,(anonymous_29)
DA:1,1
DA:2,1
DA:3,1
DA:4,1
DA:13,1
DA:15,1
DA:17,1
DA:18,1
DA:21,1
DA:22,0
DA:27,1
DA:29,0
DA:30,0
DA:32,0
DA:33,0
DA:35,0
DA:36,0
DA:39,0
DA:43,1
DA:45,0
DA:47,0
DA:48,0
DA:49,0
DA:53,0
DA:57,1
DA:59,0
DA:60,0
DA:61,0
DA:63,0
DA:64,0
DA:65,0
DA:66,0
DA:67,0
DA:68,0
DA:70,0
DA:71,0
DA:73,0
DA:76,1
DA:78,0
DA:80,0
DA:82,0
DA:83,0
DA:86,0
DA:89,1
DA:91,0
DA:93,0
DA:94,0
DA:95,0
DA:98,0
DA:105,1
DA:107,0
DA:108,0
DA:109,0
DA:111,0
DA:115,1
DA:117,0
DA:118,0
DA:119,0
DA:121,0
DA:126,1
DA:128,0
DA:130,0
DA:131,0
DA:133,0
DA:140,1
DA:142,0
DA:143,0
DA:145,0
DA:146,0
DA:147,0
DA:149,0
DA:155,1
DA:157,0
DA:159,0
DA:160,0
DA:163,0
DA:167,1
DA:169,0
DA:171,0
DA:172,0
DA:173,0
DA:175,0
DA:180,1
DA:182,0
DA:184,0
DA:185,0
DA:187,0
DA:192,1
DA:194,0
DA:196,0
DA:197,0
DA:199,0
DA:209,1
DA:211,0
DA:212,0
DA:213,0
DA:214,0
DA:215,0
DA:216,0
DA:217,0
DA:218,0
DA:220,0
DA:221,0
DA:222,0
DA:224,0
DA:239,1
DA:241,0
DA:243,0
DA:244,0
DA:247,0
DA:248,0
DA:249,0
DA:250,0
DA:251,0
DA:252,0
DA:253,0
DA:255,0
DA:256,0
DA:257,0
DA:260,0
DA:269,1
DA:271,0
DA:273,0
DA:274,0
DA:276,0
DA:280,1
LF:126
LH:26
BRDA:35,1,0,0
BRDA:35,1,1,0
BRDA:48,2,0,0
BRDA:48,2,1,0
BRDA:65,3,0,0
BRDA:65,3,1,0
BRDA:65,4,0,0
BRDA:65,4,1,0
BRDA:70,5,0,0
BRDA:70,5,1,0
BRDA:82,6,0,0
BRDA:82,6,1,0
BRDA:94,7,0,0
BRDA:94,7,1,0
BRDA:118,8,0,0
BRDA:118,8,1,0
BRDA:130,9,0,0
BRDA:130,9,1,0
BRDA:146,10,0,0
BRDA:146,10,1,0
BRDA:159,11,0,0
BRDA:159,11,1,0
BRDA:172,12,0,0
BRDA:172,12,1,0
BRDA:184,13,0,0
BRDA:184,13,1,0
BRDA:196,14,0,0
BRDA:196,14,1,0
BRDA:221,15,0,0
BRDA:221,15,1,0
BRDA:243,16,0,0
BRDA:243,16,1,0
BRDA:256,17,0,0
BRDA:256,17,1,0
BRDA:273,18,0,0
BRDA:273,18,1,0
BRF:36
BRH:0
end_of_record
TN:
SF:C:\users\slaye\desktop\craftdesigndisplay\Models\PostSchema.js
FNF:0
FNH:0
DA:1,1
DA:2,1
DA:4,1
DA:37,1
LF:4
LH:4
BRF:0
BRH:0
end_of_record
